<?xml version="1.0" encoding="UTF-8"?>
<Site BuildName="Linux-g++"
	BuildStamp="20260910-0509-Experimental"
	Name="Oscars-MacbookPro"
	Generator="ctest-3.25.1"
	CompilerName="/usr/bin/g++"
	CompilerVersion="11.4.0"
	OSName="Linux"
	Hostname="Oscars-MacbookPro"
	OSRelease="6.8.0-90-generic"
	OSVersion="#91~22.04.1-Ubuntu SMP PREEMPT_DYNAMIC Thu Nov 20 15:20:45 UTC 2"
	OSPlatform="x86_64"
	Is64Bits="1"
	VendorString="GenuineIntel"
	VendorID="Intel Corporation"
	FamilyID="6"
	ModelID="186"
	ProcessorCacheSize="24576"
	NumberOfLogicalCPU="20"
	NumberOfPhysicalCPU="14"
	TotalVirtualMemory="2047"
	TotalPhysicalMemory="31748"
	LogicalProcessorsPerPhysical="1"
	ProcessorClockFrequency="400.24"
	>
	<Testing>
		<StartDateTime>Sep 10 01:14 EDT</StartDateTime>
		<StartTestTime>1789017289</StartTestTime>
		<TestList/>
		<EndDateTime>Sep 10 01:14 EDT</EndDateTime>
		<EndTestTime>1789017289</EndTestTime>
		<ElapsedMinutes>0</ElapsedMinutes>
	</Testing>
</Site>
